[2025-06-26 00:21:36,396: INFO: main: welcome to our custom log]
[2025-06-26 09:05:24,800: INFO: main: welcome to our custom log]
[2025-06-26 09:29:45,139: INFO: main: welcome to our custom log]
[2025-06-26 11:33:16,594: INFO: main: welcome to our custom log]
[2025-06-26 16:44:04,373: INFO: common: yaml file: config\config.yaml loaded successfully]
[2025-06-26 16:44:04,392: INFO: common: yaml file: params.yaml loaded successfully]
[2025-06-26 16:44:04,396: INFO: common: created directory at: artifacts]
[2025-06-26 16:44:04,399: INFO: common: created directory at: artifacts/data_ingestion]
[2025-06-26 16:44:04,402: INFO: 986331348: Downloading data from https://drive.google.com/file/d/1dkE79W8XToiv0IesetUyDNmTUQLehSla/view?usp=sharing into file artifacts/data_ingestion/data.zip]
[2025-06-26 16:48:31,237: INFO: 986331348: Downloaded data from https://drive.google.com/file/d/1dkE79W8XToiv0IesetUyDNmTUQLehSla/view?usp=sharing into file artifacts/data_ingestion/data.zip]
[2025-06-26 17:47:40,962: INFO: main: >>>>>> stage Data Ingestion stage started <<<<<<]
[2025-06-26 17:47:40,970: INFO: common: yaml file: config\config.yaml loaded successfully]
[2025-06-26 17:47:40,977: INFO: common: yaml file: params.yaml loaded successfully]
[2025-06-26 17:47:40,980: INFO: common: created directory at: artifacts]
[2025-06-26 17:47:40,982: INFO: common: created directory at: artifacts/data_ingestion]
[2025-06-26 17:47:40,985: INFO: data_ingestion: Downloading data from https://drive.google.com/file/d/1dkE79W8XToiv0IesetUyDNmTUQLehSla/view?usp=sharing into file artifacts/data_ingestion/data.zip]
[2025-06-26 17:51:50,171: INFO: data_ingestion: Downloaded data from https://drive.google.com/file/d/1dkE79W8XToiv0IesetUyDNmTUQLehSla/view?usp=sharing into file artifacts/data_ingestion/data.zip]
[2025-06-26 17:52:19,764: INFO: main: >>>>>> stage Data Ingestion stage completed <<<<<<

x==========x]
[2025-06-26 20:20:12,910: INFO: common: yaml file: config\config.yaml loaded successfully]
[2025-06-26 20:20:12,922: INFO: common: yaml file: params.yaml loaded successfully]
[2025-06-26 20:20:12,924: INFO: common: created directory at: artifacts]
[2025-06-26 20:20:12,926: INFO: common: created directory at: artifacts/prepare_base_model]
[2025-06-26 20:20:32,601: WARNING: saving_utils: Compiled the loaded model, but the compiled metrics have yet to be built. `model.compile_metrics` will be empty until you train or evaluate the model.]
[2025-06-26 20:33:27,521: INFO: main: >>>>>> stage Data Ingestion stage started <<<<<<]
[2025-06-26 20:33:27,522: INFO: common: yaml file: config\config.yaml loaded successfully]
[2025-06-26 20:33:27,524: INFO: common: yaml file: params.yaml loaded successfully]
[2025-06-26 20:33:27,524: INFO: common: created directory at: artifacts]
[2025-06-26 20:33:27,525: INFO: common: created directory at: artifacts/data_ingestion]
[2025-06-26 20:33:27,526: INFO: data_ingestion: Downloading data from https://drive.google.com/file/d/1dkE79W8XToiv0IesetUyDNmTUQLehSla/view?usp=sharing into file artifacts/data_ingestion/data.zip]
[2025-06-26 20:38:18,156: INFO: data_ingestion: Downloaded data from https://drive.google.com/file/d/1dkE79W8XToiv0IesetUyDNmTUQLehSla/view?usp=sharing into file artifacts/data_ingestion/data.zip]
[2025-06-26 20:38:28,509: INFO: main: >>>>>> stage Data Ingestion stage completed <<<<<<

x==========x]
[2025-06-26 20:38:28,510: INFO: main: *******************]
[2025-06-26 20:38:28,510: INFO: main: >>>>>> stage Prepare base model started <<<<<<]
[2025-06-26 20:38:28,511: INFO: common: yaml file: config\config.yaml loaded successfully]
[2025-06-26 20:38:28,512: INFO: common: yaml file: params.yaml loaded successfully]
[2025-06-26 20:38:28,513: INFO: common: created directory at: artifacts]
[2025-06-26 20:38:28,513: INFO: common: created directory at: artifacts/prepare_base_model]
[2025-06-26 20:38:29,100: WARNING: saving_utils: Compiled the loaded model, but the compiled metrics have yet to be built. `model.compile_metrics` will be empty until you train or evaluate the model.]
[2025-06-26 20:38:29,349: INFO: main: >>>>>> stage Prepare base model completed <<<<<<

x==========x]
[2025-06-28 22:26:25,260: INFO: common: yaml file: config\config.yaml loaded successfully]
[2025-06-28 22:26:25,287: INFO: common: yaml file: params.yaml loaded successfully]
[2025-06-28 22:26:25,292: INFO: common: created directory at: artifacts]
[2025-06-28 22:26:25,297: INFO: common: created directory at: artifacts\training]
[2025-06-28 22:28:53,278: INFO: common: yaml file: config\config.yaml loaded successfully]
[2025-06-28 22:28:53,281: INFO: common: yaml file: params.yaml loaded successfully]
[2025-06-28 22:28:53,283: INFO: common: created directory at: artifacts]
[2025-06-28 22:28:53,285: INFO: common: created directory at: artifacts\training]
[2025-06-28 22:29:57,366: INFO: common: yaml file: config\config.yaml loaded successfully]
[2025-06-28 22:29:57,385: INFO: common: yaml file: params.yaml loaded successfully]
[2025-06-28 22:29:57,388: INFO: common: created directory at: artifacts]
[2025-06-28 22:29:57,392: INFO: common: created directory at: artifacts\training]
[2025-06-28 23:00:58,290: INFO: main: >>>>>> stage Data Ingestion stage started <<<<<<]
[2025-06-28 23:00:58,297: INFO: common: yaml file: config\config.yaml loaded successfully]
[2025-06-28 23:00:58,299: INFO: common: yaml file: params.yaml loaded successfully]
[2025-06-28 23:00:58,301: INFO: common: created directory at: artifacts]
[2025-06-28 23:00:58,302: INFO: common: created directory at: artifacts/data_ingestion]
[2025-06-28 23:00:58,303: INFO: data_ingestion: Downloading data from https://drive.google.com/file/d/1dkE79W8XToiv0IesetUyDNmTUQLehSla/view?usp=sharing into file artifacts/data_ingestion/data.zip]
[2025-06-28 23:09:58,902: INFO: data_ingestion: Downloaded data from https://drive.google.com/file/d/1dkE79W8XToiv0IesetUyDNmTUQLehSla/view?usp=sharing into file artifacts/data_ingestion/data.zip]
[2025-06-28 23:10:35,952: INFO: main: >>>>>> stage Data Ingestion stage completed <<<<<<

x==========x]
[2025-06-28 23:10:35,953: INFO: main: *******************]
[2025-06-28 23:10:35,954: INFO: main: >>>>>> stage Prepare base model started <<<<<<]
[2025-06-28 23:10:35,958: INFO: common: yaml file: config\config.yaml loaded successfully]
[2025-06-28 23:10:35,964: INFO: common: yaml file: params.yaml loaded successfully]
[2025-06-28 23:10:35,966: INFO: common: created directory at: artifacts]
[2025-06-28 23:10:35,968: INFO: common: created directory at: artifacts/prepare_base_model]
[2025-06-28 23:10:37,562: WARNING: saving_utils: Compiled the loaded model, but the compiled metrics have yet to be built. `model.compile_metrics` will be empty until you train or evaluate the model.]
[2025-06-28 23:10:38,125: INFO: main: >>>>>> stage Prepare base model completed <<<<<<

x==========x]
[2025-06-28 23:10:38,127: INFO: main: *******************]
[2025-06-28 23:10:38,128: INFO: main: >>>>>> stage Training started <<<<<<]
[2025-06-28 23:10:38,133: INFO: common: yaml file: config\config.yaml loaded successfully]
[2025-06-28 23:10:38,138: INFO: common: yaml file: params.yaml loaded successfully]
[2025-06-28 23:10:38,139: INFO: common: created directory at: artifacts]
[2025-06-28 23:10:38,141: INFO: common: created directory at: artifacts\training]
[2025-06-28 23:50:16,530: INFO: main: >>>>>> stage Training completed <<<<<<

x==========x]
